c:\users\97639\onedrive\桌面\hustbase\hustbase（2018版）\debug\hustbase.bsc
c:\users\97639\onedrive\桌面\hustbase\hustbase（2018版）\debug\hustbase.pch
c:\users\97639\onedrive\桌面\hustbase\hustbase（2018版）\debug\vc141.pdb
c:\users\97639\onedrive\桌面\hustbase\hustbase（2018版）\debug\vc141.idb
c:\users\97639\onedrive\桌面\hustbase\hustbase（2018版）\debug\stdafx.sbr
c:\users\97639\onedrive\桌面\hustbase\hustbase（2018版）\debug\stdafx.obj
c:\users\97639\onedrive\桌面\hustbase\hustbase（2018版）\debug\treelist.sbr
c:\users\97639\onedrive\桌面\hustbase\hustbase（2018版）\debug\tablelist.sbr
c:\users\97639\onedrive\桌面\hustbase\hustbase（2018版）\debug\sys_manager.sbr
c:\users\97639\onedrive\桌面\hustbase\hustbase（2018版）\debug\rm_manager.sbr
c:\users\97639\onedrive\桌面\hustbase\hustbase（2018版）\debug\qu_manager.sbr
c:\users\97639\onedrive\桌面\hustbase\hustbase（2018版）\debug\pf_manager.sbr
c:\users\97639\onedrive\桌面\hustbase\hustbase（2018版）\debug\mainfrm.sbr
c:\users\97639\onedrive\桌面\hustbase\hustbase（2018版）\debug\ix_manager.sbr
c:\users\97639\onedrive\桌面\hustbase\hustbase（2018版）\debug\hustbaseview.sbr
c:\users\97639\onedrive\桌面\hustbase\hustbase（2018版）\debug\hustbasedoc.sbr
c:\users\97639\onedrive\桌面\hustbase\hustbase（2018版）\debug\hustbase.sbr
c:\users\97639\onedrive\桌面\hustbase\hustbase（2018版）\debug\editarea.sbr
c:\users\97639\onedrive\桌面\hustbase\hustbase（2018版）\debug\condition_tool.sbr
c:\users\97639\onedrive\桌面\hustbase\hustbase（2018版）\debug\bits_tools.sbr
c:\users\97639\onedrive\桌面\hustbase\hustbase（2018版）\debug\bits_tools.obj
c:\users\97639\onedrive\桌面\hustbase\hustbase（2018版）\debug\condition_tool.obj
c:\users\97639\onedrive\桌面\hustbase\hustbase（2018版）\debug\editarea.obj
c:\users\97639\onedrive\桌面\hustbase\hustbase（2018版）\debug\hustbase.obj
c:\users\97639\onedrive\桌面\hustbase\hustbase（2018版）\debug\hustbasedoc.obj
c:\users\97639\onedrive\桌面\hustbase\hustbase（2018版）\debug\hustbaseview.obj
c:\users\97639\onedrive\桌面\hustbase\hustbase（2018版）\debug\ix_manager.obj
c:\users\97639\onedrive\桌面\hustbase\hustbase（2018版）\debug\mainfrm.obj
c:\users\97639\onedrive\桌面\hustbase\hustbase（2018版）\debug\pf_manager.obj
c:\users\97639\onedrive\桌面\hustbase\hustbase（2018版）\debug\qu_manager.obj
c:\users\97639\onedrive\桌面\hustbase\hustbase（2018版）\debug\rm_manager.obj
c:\users\97639\onedrive\桌面\hustbase\hustbase（2018版）\debug\sys_manager.obj
c:\users\97639\onedrive\桌面\hustbase\hustbase（2018版）\debug\tablelist.obj
c:\users\97639\onedrive\桌面\hustbase\hustbase（2018版）\debug\treelist.obj
c:\users\97639\onedrive\桌面\hustbase\hustbase（2018版）\debug\yacc_sql.tab.sbr
c:\users\97639\onedrive\桌面\hustbase\hustbase（2018版）\debug\parse.sbr
c:\users\97639\onedrive\桌面\hustbase\hustbase（2018版）\debug\lex.yy.sbr
c:\users\97639\onedrive\桌面\hustbase\hustbase（2018版）\debug\lex.yy.obj
c:\users\97639\onedrive\桌面\hustbase\hustbase（2018版）\debug\parse.obj
c:\users\97639\onedrive\桌面\hustbase\hustbase（2018版）\debug\yacc_sql.tab.obj
c:\users\97639\onedrive\桌面\hustbase\hustbase（2018版）\debug\hustbase.lib
c:\users\97639\onedrive\桌面\hustbase\hustbase（2018版）\debug\hustbase.exp
c:\users\97639\onedrive\桌面\hustbase\hustbase（2018版）\debug\hustbase.ilk
c:\users\97639\onedrive\桌面\hustbase\hustbase（2018版）\debug\hustbase.ddl
c:\users\97639\onedrive\桌面\hustbase\hustbase（2018版）\debug\hustbase.pdb
c:\users\97639\onedrive\桌面\hustbase\hustbase（2018版）\debug\hustbase.res
c:\users\97639\onedrive\桌面\hustbase\hustbase（2018版）\debug\hustbase.tlog\bscmake.command.1.tlog
c:\users\97639\onedrive\桌面\hustbase\hustbase（2018版）\debug\hustbase.tlog\bscmake.read.1.tlog
c:\users\97639\onedrive\桌面\hustbase\hustbase（2018版）\debug\hustbase.tlog\bscmake.write.1.tlog
c:\users\97639\onedrive\桌面\hustbase\hustbase（2018版）\debug\hustbase.tlog\cl.command.1.tlog
c:\users\97639\onedrive\桌面\hustbase\hustbase（2018版）\debug\hustbase.tlog\cl.read.1.tlog
c:\users\97639\onedrive\桌面\hustbase\hustbase（2018版）\debug\hustbase.tlog\cl.write.1.tlog
c:\users\97639\onedrive\桌面\hustbase\hustbase（2018版）\debug\hustbase.tlog\hustbase.write.1u.tlog
c:\users\97639\onedrive\桌面\hustbase\hustbase（2018版）\debug\hustbase.tlog\link.command.1.tlog
c:\users\97639\onedrive\桌面\hustbase\hustbase（2018版）\debug\hustbase.tlog\link.read.1.tlog
c:\users\97639\onedrive\桌面\hustbase\hustbase（2018版）\debug\hustbase.tlog\link.write.1.tlog
c:\users\97639\onedrive\桌面\hustbase\hustbase（2018版）\debug\hustbase.tlog\rc.command.1.tlog
c:\users\97639\onedrive\桌面\hustbase\hustbase（2018版）\debug\hustbase.tlog\rc.read.1.tlog
c:\users\97639\onedrive\桌面\hustbase\hustbase（2018版）\debug\hustbase.tlog\rc.write.1.tlog
