cl : Command line warning D9035: option 'Gm' has been deprecated and will be removed in a future release
  StdAfx.cpp
  _WIN32_WINNT not defined. Defaulting to _WIN32_WINNT_MAXVER (see WinSDKVer.h)
cl : Command line warning D9035: option 'Gm' has been deprecated and will be removed in a future release
  TreeList.cpp
c:\users\97639\onedrive\桌面\hustbase\hustbase（2018版）\treelist.cpp(1): warning C4819: The file contains a character that cannot be represented in the current code page (936). Save the file in Unicode format to prevent data loss
c:\users\97639\onedrive\桌面\hustbase\hustbase（2018版）\editarea.h : warning C4819: The file contains a character that cannot be represented in the current code page (936). Save the file in Unicode format to prevent data loss
c:\users\97639\onedrive\桌面\hustbase\hustbase（2018版）\str.h : warning C4819: The file contains a character that cannot be represented in the current code page (936). Save the file in Unicode format to prevent data loss
c:\users\97639\onedrive\桌面\hustbase\hustbase（2018版）\rc.h : warning C4819: The file contains a character that cannot be represented in the current code page (936). Save the file in Unicode format to prevent data loss
  TableList.cpp
c:\users\97639\onedrive\桌面\hustbase\hustbase（2018版）\tablelist.cpp(1): warning C4819: The file contains a character that cannot be represented in the current code page (936). Save the file in Unicode format to prevent data loss
c:\users\97639\onedrive\桌面\hustbase\hustbase（2018版）\editarea.h : warning C4819: The file contains a character that cannot be represented in the current code page (936). Save the file in Unicode format to prevent data loss
c:\users\97639\onedrive\桌面\hustbase\hustbase（2018版）\str.h : warning C4819: The file contains a character that cannot be represented in the current code page (936). Save the file in Unicode format to prevent data loss
c:\users\97639\onedrive\桌面\hustbase\hustbase（2018版）\rc.h : warning C4819: The file contains a character that cannot be represented in the current code page (936). Save the file in Unicode format to prevent data loss
c:\users\97639\onedrive\桌面\hustbase\hustbase（2018版）\rm_manager.h : warning C4819: The file contains a character that cannot be represented in the current code page (936). Save the file in Unicode format to prevent data loss
  SYS_Manager.cpp
c:\users\97639\onedrive\桌面\hustbase\hustbase（2018版）\sys_manager.cpp(1): warning C4819: The file contains a character that cannot be represented in the current code page (936). Save the file in Unicode format to prevent data loss
c:\users\97639\onedrive\桌面\hustbase\hustbase（2018版）\editarea.h : warning C4819: The file contains a character that cannot be represented in the current code page (936). Save the file in Unicode format to prevent data loss
c:\users\97639\onedrive\桌面\hustbase\hustbase（2018版）\str.h : warning C4819: The file contains a character that cannot be represented in the current code page (936). Save the file in Unicode format to prevent data loss
c:\users\97639\onedrive\桌面\hustbase\hustbase（2018版）\rc.h : warning C4819: The file contains a character that cannot be represented in the current code page (936). Save the file in Unicode format to prevent data loss
c:\users\97639\onedrive\桌面\hustbase\hustbase（2018版）\ix_manager.h : warning C4819: The file contains a character that cannot be represented in the current code page (936). Save the file in Unicode format to prevent data loss
c:\users\97639\onedrive\桌面\hustbase\hustbase（2018版）\rm_manager.h : warning C4819: The file contains a character that cannot be represented in the current code page (936). Save the file in Unicode format to prevent data loss
c:\users\97639\onedrive\桌面\hustbase\hustbase（2018版）\qu_manager.h : warning C4819: The file contains a character that cannot be represented in the current code page (936). Save the file in Unicode format to prevent data loss
c:\users\97639\onedrive\桌面\hustbase\hustbase（2018版）\sys_manager.cpp(106): warning C4554: '&': check operator precedence for possible error; use parentheses to clarify precedence
c:\users\97639\onedrive\桌面\hustbase\hustbase（2018版）\sys_manager.cpp(395): warning C4101: 'col_num': unreferenced local variable
c:\users\97639\onedrive\桌面\hustbase\hustbase（2018版）\sys_manager.cpp(978): warning C4819: The file contains a character that cannot be represented in the current code page (936). Save the file in Unicode format to prevent data loss
  RM_Manager.cpp
c:\users\97639\onedrive\桌面\hustbase\hustbase（2018版）\rm_manager.h : warning C4819: The file contains a character that cannot be represented in the current code page (936). Save the file in Unicode format to prevent data loss
c:\users\97639\onedrive\桌面\hustbase\hustbase（2018版）\rc.h : warning C4819: The file contains a character that cannot be represented in the current code page (936). Save the file in Unicode format to prevent data loss
c:\users\97639\onedrive\桌面\hustbase\hustbase（2018版）\str.h : warning C4819: The file contains a character that cannot be represented in the current code page (936). Save the file in Unicode format to prevent data loss
  QU_Manager.cpp
c:\users\97639\onedrive\桌面\hustbase\hustbase（2018版）\qu_manager.h : warning C4819: The file contains a character that cannot be represented in the current code page (936). Save the file in Unicode format to prevent data loss
c:\users\97639\onedrive\桌面\hustbase\hustbase（2018版）\str.h : warning C4819: The file contains a character that cannot be represented in the current code page (936). Save the file in Unicode format to prevent data loss
c:\users\97639\onedrive\桌面\hustbase\hustbase（2018版）\rc.h : warning C4819: The file contains a character that cannot be represented in the current code page (936). Save the file in Unicode format to prevent data loss
c:\users\97639\onedrive\桌面\hustbase\hustbase（2018版）\rm_manager.h : warning C4819: The file contains a character that cannot be represented in the current code page (936). Save the file in Unicode format to prevent data loss
c:\users\97639\onedrive\桌面\hustbase\hustbase（2018版）\ix_manager.h : warning C4819: The file contains a character that cannot be represented in the current code page (936). Save the file in Unicode format to prevent data loss
c:\users\97639\onedrive\桌面\hustbase\hustbase（2018版）\editarea.h : warning C4819: The file contains a character that cannot be represented in the current code page (936). Save the file in Unicode format to prevent data loss
  PF_Manager.cpp
c:\users\97639\onedrive\桌面\hustbase\hustbase（2018版）\rc.h : warning C4819: The file contains a character that cannot be represented in the current code page (936). Save the file in Unicode format to prevent data loss
c:\users\97639\onedrive\桌面\hustbase\hustbase（2018版）\pf_manager.cpp(8): warning C4996: 'open': The POSIX name for this item is deprecated. Instead, use the ISO C and C++ conformant name: _open. See online help for details.
  c:\program files (x86)\windows kits\10\include\10.0.17763.0\ucrt\corecrt_io.h(516): note: see declaration of 'open'
c:\users\97639\onedrive\桌面\hustbase\hustbase（2018版）\pf_manager.cpp(13): warning C4996: 'close': The POSIX name for this item is deprecated. Instead, use the ISO C and C++ conformant name: _close. See online help for details.
  c:\program files (x86)\windows kits\10\include\10.0.17763.0\ucrt\corecrt_io.h(459): note: see declaration of 'close'
c:\users\97639\onedrive\桌面\hustbase\hustbase（2018版）\pf_manager.cpp(14): warning C4996: 'open': The POSIX name for this item is deprecated. Instead, use the ISO C and C++ conformant name: _open. See online help for details.
  c:\program files (x86)\windows kits\10\include\10.0.17763.0\ucrt\corecrt_io.h(516): note: see declaration of 'open'
c:\users\97639\onedrive\桌面\hustbase\hustbase（2018版）\pf_manager.cpp(21): warning C4996: 'lseek': The POSIX name for this item is deprecated. Instead, use the ISO C and C++ conformant name: _lseek. See online help for details.
  c:\program files (x86)\windows kits\10\include\10.0.17763.0\ucrt\corecrt_io.h(503): note: see declaration of 'lseek'
c:\users\97639\onedrive\桌面\hustbase\hustbase（2018版）\pf_manager.cpp(24): warning C4996: 'write': The POSIX name for this item is deprecated. Instead, use the ISO C and C++ conformant name: _write. See online help for details.
  c:\program files (x86)\windows kits\10\include\10.0.17763.0\ucrt\corecrt_io.h(558): note: see declaration of 'write'
c:\users\97639\onedrive\桌面\hustbase\hustbase（2018版）\pf_manager.cpp(25): warning C4996: 'close': The POSIX name for this item is deprecated. Instead, use the ISO C and C++ conformant name: _close. See online help for details.
  c:\program files (x86)\windows kits\10\include\10.0.17763.0\ucrt\corecrt_io.h(459): note: see declaration of 'close'
c:\users\97639\onedrive\桌面\hustbase\hustbase（2018版）\pf_manager.cpp(28): warning C4996: 'close': The POSIX name for this item is deprecated. Instead, use the ISO C and C++ conformant name: _close. See online help for details.
  c:\program files (x86)\windows kits\10\include\10.0.17763.0\ucrt\corecrt_io.h(459): note: see declaration of 'close'
c:\users\97639\onedrive\桌面\hustbase\hustbase（2018版）\pf_manager.cpp(37): warning C4996: 'open': The POSIX name for this item is deprecated. Instead, use the ISO C and C++ conformant name: _open. See online help for details.
  c:\program files (x86)\windows kits\10\include\10.0.17763.0\ucrt\corecrt_io.h(516): note: see declaration of 'open'
c:\users\97639\onedrive\桌面\hustbase\hustbase（2018版）\pf_manager.cpp(43): warning C4996: 'lseek': The POSIX name for this item is deprecated. Instead, use the ISO C and C++ conformant name: _lseek. See online help for details.
  c:\program files (x86)\windows kits\10\include\10.0.17763.0\ucrt\corecrt_io.h(503): note: see declaration of 'lseek'
c:\users\97639\onedrive\桌面\hustbase\hustbase（2018版）\pf_manager.cpp(45): warning C4996: 'close': The POSIX name for this item is deprecated. Instead, use the ISO C and C++ conformant name: _close. See online help for details.
  c:\program files (x86)\windows kits\10\include\10.0.17763.0\ucrt\corecrt_io.h(459): note: see declaration of 'close'
c:\users\97639\onedrive\桌面\hustbase\hustbase（2018版）\pf_manager.cpp(48): warning C4996: 'read': The POSIX name for this item is deprecated. Instead, use the ISO C and C++ conformant name: _read. See online help for details.
  c:\program files (x86)\windows kits\10\include\10.0.17763.0\ucrt\corecrt_io.h(523): note: see declaration of 'read'
c:\users\97639\onedrive\桌面\hustbase\hustbase（2018版）\pf_manager.cpp(50): warning C4996: 'close': The POSIX name for this item is deprecated. Instead, use the ISO C and C++ conformant name: _close. See online help for details.
  c:\program files (x86)\windows kits\10\include\10.0.17763.0\ucrt\corecrt_io.h(459): note: see declaration of 'close'
c:\users\97639\onedrive\桌面\hustbase\hustbase（2018版）\pf_manager.cpp(59): warning C4996: 'lseek': The POSIX name for this item is deprecated. Instead, use the ISO C and C++ conformant name: _lseek. See online help for details.
  c:\program files (x86)\windows kits\10\include\10.0.17763.0\ucrt\corecrt_io.h(503): note: see declaration of 'lseek'
c:\users\97639\onedrive\桌面\hustbase\hustbase（2018版）\pf_manager.cpp(62): warning C4996: 'write': The POSIX name for this item is deprecated. Instead, use the ISO C and C++ conformant name: _write. See online help for details.
  c:\program files (x86)\windows kits\10\include\10.0.17763.0\ucrt\corecrt_io.h(558): note: see declaration of 'write'
c:\users\97639\onedrive\桌面\hustbase\hustbase（2018版）\pf_manager.cpp(66): warning C4996: 'close': The POSIX name for this item is deprecated. Instead, use the ISO C and C++ conformant name: _close. See online help for details.
  c:\program files (x86)\windows kits\10\include\10.0.17763.0\ucrt\corecrt_io.h(459): note: see declaration of 'close'
c:\users\97639\onedrive\桌面\hustbase\hustbase（2018版）\pf_manager.cpp(81): warning C4996: 'lseek': The POSIX name for this item is deprecated. Instead, use the ISO C and C++ conformant name: _lseek. See online help for details.
  c:\program files (x86)\windows kits\10\include\10.0.17763.0\ucrt\corecrt_io.h(503): note: see declaration of 'lseek'
c:\users\97639\onedrive\桌面\hustbase\hustbase（2018版）\pf_manager.cpp(84): warning C4996: 'read': The POSIX name for this item is deprecated. Instead, use the ISO C and C++ conformant name: _read. See online help for details.
  c:\program files (x86)\windows kits\10\include\10.0.17763.0\ucrt\corecrt_io.h(523): note: see declaration of 'read'
c:\users\97639\onedrive\桌面\hustbase\hustbase（2018版）\pf_manager.cpp(94): warning C4018: '<=': signed/unsigned mismatch
c:\users\97639\onedrive\桌面\hustbase\hustbase（2018版）\pf_manager.cpp(119): warning C4996: 'lseek': The POSIX name for this item is deprecated. Instead, use the ISO C and C++ conformant name: _lseek. See online help for details.
  c:\program files (x86)\windows kits\10\include\10.0.17763.0\ucrt\corecrt_io.h(503): note: see declaration of 'lseek'
c:\users\97639\onedrive\桌面\hustbase\hustbase（2018版）\pf_manager.cpp(122): warning C4996: 'write': The POSIX name for this item is deprecated. Instead, use the ISO C and C++ conformant name: _write. See online help for details.
  c:\program files (x86)\windows kits\10\include\10.0.17763.0\ucrt\corecrt_io.h(558): note: see declaration of 'write'
c:\users\97639\onedrive\桌面\hustbase\hustbase（2018版）\pf_manager.cpp(161): warning C4996: 'lseek': The POSIX name for this item is deprecated. Instead, use the ISO C and C++ conformant name: _lseek. See online help for details.
  c:\program files (x86)\windows kits\10\include\10.0.17763.0\ucrt\corecrt_io.h(503): note: see declaration of 'lseek'
c:\users\97639\onedrive\桌面\hustbase\hustbase（2018版）\pf_manager.cpp(164): warning C4996: 'write': The POSIX name for this item is deprecated. Instead, use the ISO C and C++ conformant name: _write. See online help for details.
  c:\program files (x86)\windows kits\10\include\10.0.17763.0\ucrt\corecrt_io.h(558): note: see declaration of 'write'
  MainFrm.cpp
c:\users\97639\onedrive\桌面\hustbase\hustbase（2018版）\editarea.h : warning C4819: The file contains a character that cannot be represented in the current code page (936). Save the file in Unicode format to prevent data loss
c:\users\97639\onedrive\桌面\hustbase\hustbase（2018版）\str.h : warning C4819: The file contains a character that cannot be represented in the current code page (936). Save the file in Unicode format to prevent data loss
c:\users\97639\onedrive\桌面\hustbase\hustbase（2018版）\rc.h : warning C4819: The file contains a character that cannot be represented in the current code page (936). Save the file in Unicode format to prevent data loss
  IX_Manager.cpp
c:\users\97639\onedrive\桌面\hustbase\hustbase（2018版）\ix_manager.h : warning C4819: The file contains a character that cannot be represented in the current code page (936). Save the file in Unicode format to prevent data loss
c:\users\97639\onedrive\桌面\hustbase\hustbase（2018版）\rm_manager.h : warning C4819: The file contains a character that cannot be represented in the current code page (936). Save the file in Unicode format to prevent data loss
c:\users\97639\onedrive\桌面\hustbase\hustbase（2018版）\rc.h : warning C4819: The file contains a character that cannot be represented in the current code page (936). Save the file in Unicode format to prevent data loss
c:\users\97639\onedrive\桌面\hustbase\hustbase（2018版）\str.h : warning C4819: The file contains a character that cannot be represented in the current code page (936). Save the file in Unicode format to prevent data loss
  HustBaseView.cpp
c:\users\97639\onedrive\桌面\hustbase\hustbase（2018版）\hustbaseview.cpp(1): warning C4819: The file contains a character that cannot be represented in the current code page (936). Save the file in Unicode format to prevent data loss
c:\users\97639\onedrive\桌面\hustbase\hustbase（2018版）\editarea.h : warning C4819: The file contains a character that cannot be represented in the current code page (936). Save the file in Unicode format to prevent data loss
c:\users\97639\onedrive\桌面\hustbase\hustbase（2018版）\str.h : warning C4819: The file contains a character that cannot be represented in the current code page (936). Save the file in Unicode format to prevent data loss
c:\users\97639\onedrive\桌面\hustbase\hustbase（2018版）\rc.h : warning C4819: The file contains a character that cannot be represented in the current code page (936). Save the file in Unicode format to prevent data loss
  HustBaseDoc.cpp
c:\users\97639\onedrive\桌面\hustbase\hustbase（2018版）\editarea.h : warning C4819: The file contains a character that cannot be represented in the current code page (936). Save the file in Unicode format to prevent data loss
c:\users\97639\onedrive\桌面\hustbase\hustbase（2018版）\str.h : warning C4819: The file contains a character that cannot be represented in the current code page (936). Save the file in Unicode format to prevent data loss
c:\users\97639\onedrive\桌面\hustbase\hustbase（2018版）\rc.h : warning C4819: The file contains a character that cannot be represented in the current code page (936). Save the file in Unicode format to prevent data loss
  HustBase.cpp
c:\users\97639\onedrive\桌面\hustbase\hustbase（2018版）\hustbase.cpp(1): warning C4819: The file contains a character that cannot be represented in the current code page (936). Save the file in Unicode format to prevent data loss
c:\users\97639\onedrive\桌面\hustbase\hustbase（2018版）\editarea.h : warning C4819: The file contains a character that cannot be represented in the current code page (936). Save the file in Unicode format to prevent data loss
c:\users\97639\onedrive\桌面\hustbase\hustbase（2018版）\str.h : warning C4819: The file contains a character that cannot be represented in the current code page (936). Save the file in Unicode format to prevent data loss
c:\users\97639\onedrive\桌面\hustbase\hustbase（2018版）\rc.h : warning C4819: The file contains a character that cannot be represented in the current code page (936). Save the file in Unicode format to prevent data loss
c:\users\97639\onedrive\桌面\hustbase\hustbase（2018版）\ix_manager.h : warning C4819: The file contains a character that cannot be represented in the current code page (936). Save the file in Unicode format to prevent data loss
c:\users\97639\onedrive\桌面\hustbase\hustbase（2018版）\rm_manager.h : warning C4819: The file contains a character that cannot be represented in the current code page (936). Save the file in Unicode format to prevent data loss
c:\users\97639\onedrive\桌面\hustbase\hustbase（2018版）\hustbase.cpp(69): warning C4996: 'CWinApp::Enable3dControls': CWinApp::Enable3dControls is no longer needed. You should remove this call.
  c:\program files (x86)\microsoft visual studio\2017\community\vc\tools\msvc\14.16.27023\atlmfc\include\afxwin.h(5229): note: see declaration of 'CWinApp::Enable3dControls'
  EditArea.cpp
c:\users\97639\onedrive\桌面\hustbase\hustbase（2018版）\editarea.cpp(1): warning C4819: The file contains a character that cannot be represented in the current code page (936). Save the file in Unicode format to prevent data loss
c:\users\97639\onedrive\桌面\hustbase\hustbase（2018版）\str.h : warning C4819: The file contains a character that cannot be represented in the current code page (936). Save the file in Unicode format to prevent data loss
c:\users\97639\onedrive\桌面\hustbase\hustbase（2018版）\rc.h : warning C4819: The file contains a character that cannot be represented in the current code page (936). Save the file in Unicode format to prevent data loss
c:\users\97639\onedrive\桌面\hustbase\hustbase（2018版）\editarea.h : warning C4819: The file contains a character that cannot be represented in the current code page (936). Save the file in Unicode format to prevent data loss
c:\users\97639\onedrive\桌面\hustbase\hustbase（2018版）\rm_manager.h : warning C4819: The file contains a character that cannot be represented in the current code page (936). Save the file in Unicode format to prevent data loss
c:\users\97639\onedrive\桌面\hustbase\hustbase（2018版）\ix_manager.h : warning C4819: The file contains a character that cannot be represented in the current code page (936). Save the file in Unicode format to prevent data loss
c:\users\97639\onedrive\桌面\hustbase\hustbase（2018版）\editarea.cpp(122): warning C4101: 'rc': unreferenced local variable
  Condition_tool.cpp
c:\users\97639\onedrive\桌面\hustbase\hustbase（2018版）\str.h : warning C4819: The file contains a character that cannot be represented in the current code page (936). Save the file in Unicode format to prevent data loss
c:\users\97639\onedrive\桌面\hustbase\hustbase（2018版）\rc.h : warning C4819: The file contains a character that cannot be represented in the current code page (936). Save the file in Unicode format to prevent data loss
c:\users\97639\onedrive\桌面\hustbase\hustbase（2018版）\rm_manager.h : warning C4819: The file contains a character that cannot be represented in the current code page (936). Save the file in Unicode format to prevent data loss
  Bits_tools.cpp
  Generating Code...
c:\users\97639\onedrive\桌面\hustbase\hustbase（2018版）\hustbasedoc.cpp(50): warning C4700: uninitialized local variable 'pos' used
c:\users\97639\onedrive\桌面\hustbase\hustbase（2018版）\ix_manager.cpp(239): warning C4715: 'checkConditions': not all control paths return a value
c:\users\97639\onedrive\桌面\hustbase\hustbase（2018版）\sys_manager.cpp(309): warning C4715: 'execute': not all control paths return a value
c:\users\97639\onedrive\桌面\hustbase\hustbase（2018版）\sys_manager.cpp(1136): warning C4715: 'GetTableInfo': not all control paths return a value
cl : Command line warning D9035: option 'Gm' has been deprecated and will be removed in a future release
  yacc_sql.tab.c
c:\users\97639\onedrive\桌面\hustbase\hustbase（2018版）\str.h : warning C4819: The file contains a character that cannot be represented in the current code page (936). Save the file in Unicode format to prevent data loss
c:\users\97639\onedrive\桌面\hustbase\hustbase（2018版）\rc.h : warning C4819: The file contains a character that cannot be represented in the current code page (936). Save the file in Unicode format to prevent data loss
yacc_sql.tab.c(363): warning C4273: 'malloc': inconsistent dll linkage
  c:\program files (x86)\windows kits\10\include\10.0.17763.0\ucrt\corecrt_malloc.h(97): note: see previous definition of 'malloc'
yacc_sql.tab.c(370): warning C4273: 'free': inconsistent dll linkage
  c:\program files (x86)\windows kits\10\include\10.0.17763.0\ucrt\corecrt_malloc.h(85): note: see previous definition of 'free'
  parse.c
c:\users\97639\onedrive\桌面\hustbase\hustbase（2018版）\str.h : warning C4819: The file contains a character that cannot be represented in the current code page (936). Save the file in Unicode format to prevent data loss
c:\users\97639\onedrive\桌面\hustbase\hustbase（2018版）\rc.h : warning C4819: The file contains a character that cannot be represented in the current code page (936). Save the file in Unicode format to prevent data loss
c:\users\97639\onedrive\桌面\hustbase\hustbase（2018版）\parse.c(85): warning C4013: 'yy_switch_to_buffer' undefined; assuming extern returning int
c:\users\97639\onedrive\桌面\hustbase\hustbase（2018版）\parse.c(85): warning C4013: 'yy_scan_string' undefined; assuming extern returning int
  lex.yy.c
lex_sql.l(27): warning C4996: 'strdup': The POSIX name for this item is deprecated. Instead, use the ISO C and C++ conformant name: _strdup. See online help for details.
  c:\program files (x86)\windows kits\10\include\10.0.17763.0\ucrt\string.h(536): note: see declaration of 'strdup'
lex_sql.l(28): warning C4996: 'strdup': The POSIX name for this item is deprecated. Instead, use the ISO C and C++ conformant name: _strdup. See online help for details.
  c:\program files (x86)\windows kits\10\include\10.0.17763.0\ucrt\string.h(536): note: see declaration of 'strdup'
lex_sql.l(32): warning C4996: 'strdup': The POSIX name for this item is deprecated. Instead, use the ISO C and C++ conformant name: _strdup. See online help for details.
  c:\program files (x86)\windows kits\10\include\10.0.17763.0\ucrt\string.h(536): note: see declaration of 'strdup'
lex_sql.l(33): warning C4996: 'strdup': The POSIX name for this item is deprecated. Instead, use the ISO C and C++ conformant name: _strdup. See online help for details.
  c:\program files (x86)\windows kits\10\include\10.0.17763.0\ucrt\string.h(536): note: see declaration of 'strdup'
lex_sql.l(34): warning C4996: 'strdup': The POSIX name for this item is deprecated. Instead, use the ISO C and C++ conformant name: _strdup. See online help for details.
  c:\program files (x86)\windows kits\10\include\10.0.17763.0\ucrt\string.h(536): note: see declaration of 'strdup'
lex_sql.l(35): warning C4996: 'strdup': The POSIX name for this item is deprecated. Instead, use the ISO C and C++ conformant name: _strdup. See online help for details.
  c:\program files (x86)\windows kits\10\include\10.0.17763.0\ucrt\string.h(536): note: see declaration of 'strdup'
lex_sql.l(36): warning C4996: 'strdup': The POSIX name for this item is deprecated. Instead, use the ISO C and C++ conformant name: _strdup. See online help for details.
  c:\program files (x86)\windows kits\10\include\10.0.17763.0\ucrt\string.h(536): note: see declaration of 'strdup'
lex_sql.l(37): warning C4996: 'strdup': The POSIX name for this item is deprecated. Instead, use the ISO C and C++ conformant name: _strdup. See online help for details.
  c:\program files (x86)\windows kits\10\include\10.0.17763.0\ucrt\string.h(536): note: see declaration of 'strdup'
lex_sql.l(38): warning C4996: 'strdup': The POSIX name for this item is deprecated. Instead, use the ISO C and C++ conformant name: _strdup. See online help for details.
  c:\program files (x86)\windows kits\10\include\10.0.17763.0\ucrt\string.h(536): note: see declaration of 'strdup'
lex_sql.l(39): warning C4996: 'strdup': The POSIX name for this item is deprecated. Instead, use the ISO C and C++ conformant name: _strdup. See online help for details.
  c:\program files (x86)\windows kits\10\include\10.0.17763.0\ucrt\string.h(536): note: see declaration of 'strdup'
lex_sql.l(40): warning C4996: 'strdup': The POSIX name for this item is deprecated. Instead, use the ISO C and C++ conformant name: _strdup. See online help for details.
  c:\program files (x86)\windows kits\10\include\10.0.17763.0\ucrt\string.h(536): note: see declaration of 'strdup'
lex_sql.l(41): warning C4996: 'strdup': The POSIX name for this item is deprecated. Instead, use the ISO C and C++ conformant name: _strdup. See online help for details.
  c:\program files (x86)\windows kits\10\include\10.0.17763.0\ucrt\string.h(536): note: see declaration of 'strdup'
lex_sql.l(42): warning C4996: 'strdup': The POSIX name for this item is deprecated. Instead, use the ISO C and C++ conformant name: _strdup. See online help for details.
  c:\program files (x86)\windows kits\10\include\10.0.17763.0\ucrt\string.h(536): note: see declaration of 'strdup'
lex_sql.l(43): warning C4996: 'strdup': The POSIX name for this item is deprecated. Instead, use the ISO C and C++ conformant name: _strdup. See online help for details.
  c:\program files (x86)\windows kits\10\include\10.0.17763.0\ucrt\string.h(536): note: see declaration of 'strdup'
lex_sql.l(44): warning C4996: 'strdup': The POSIX name for this item is deprecated. Instead, use the ISO C and C++ conformant name: _strdup. See online help for details.
  c:\program files (x86)\windows kits\10\include\10.0.17763.0\ucrt\string.h(536): note: see declaration of 'strdup'
lex_sql.l(45): warning C4996: 'strdup': The POSIX name for this item is deprecated. Instead, use the ISO C and C++ conformant name: _strdup. See online help for details.
  c:\program files (x86)\windows kits\10\include\10.0.17763.0\ucrt\string.h(536): note: see declaration of 'strdup'
lex_sql.l(46): warning C4996: 'strdup': The POSIX name for this item is deprecated. Instead, use the ISO C and C++ conformant name: _strdup. See online help for details.
  c:\program files (x86)\windows kits\10\include\10.0.17763.0\ucrt\string.h(536): note: see declaration of 'strdup'
lex_sql.l(47): warning C4996: 'strdup': The POSIX name for this item is deprecated. Instead, use the ISO C and C++ conformant name: _strdup. See online help for details.
  c:\program files (x86)\windows kits\10\include\10.0.17763.0\ucrt\string.h(536): note: see declaration of 'strdup'
lex_sql.l(48): warning C4996: 'strdup': The POSIX name for this item is deprecated. Instead, use the ISO C and C++ conformant name: _strdup. See online help for details.
  c:\program files (x86)\windows kits\10\include\10.0.17763.0\ucrt\string.h(536): note: see declaration of 'strdup'
lex_sql.l(49): warning C4996: 'strdup': The POSIX name for this item is deprecated. Instead, use the ISO C and C++ conformant name: _strdup. See online help for details.
  c:\program files (x86)\windows kits\10\include\10.0.17763.0\ucrt\string.h(536): note: see declaration of 'strdup'
lex_sql.l(50): warning C4996: 'strdup': The POSIX name for this item is deprecated. Instead, use the ISO C and C++ conformant name: _strdup. See online help for details.
  c:\program files (x86)\windows kits\10\include\10.0.17763.0\ucrt\string.h(536): note: see declaration of 'strdup'
lex_sql.l(51): warning C4996: 'strdup': The POSIX name for this item is deprecated. Instead, use the ISO C and C++ conformant name: _strdup. See online help for details.
  c:\program files (x86)\windows kits\10\include\10.0.17763.0\ucrt\string.h(536): note: see declaration of 'strdup'
lex_sql.l(52): warning C4996: 'strdup': The POSIX name for this item is deprecated. Instead, use the ISO C and C++ conformant name: _strdup. See online help for details.
  c:\program files (x86)\windows kits\10\include\10.0.17763.0\ucrt\string.h(536): note: see declaration of 'strdup'
lex_sql.l(53): warning C4996: 'strdup': The POSIX name for this item is deprecated. Instead, use the ISO C and C++ conformant name: _strdup. See online help for details.
  c:\program files (x86)\windows kits\10\include\10.0.17763.0\ucrt\string.h(536): note: see declaration of 'strdup'
lex_sql.l(54): warning C4996: 'strdup': The POSIX name for this item is deprecated. Instead, use the ISO C and C++ conformant name: _strdup. See online help for details.
  c:\program files (x86)\windows kits\10\include\10.0.17763.0\ucrt\string.h(536): note: see declaration of 'strdup'
lex_sql.l(55): warning C4996: 'strdup': The POSIX name for this item is deprecated. Instead, use the ISO C and C++ conformant name: _strdup. See online help for details.
  c:\program files (x86)\windows kits\10\include\10.0.17763.0\ucrt\string.h(536): note: see declaration of 'strdup'
lex_sql.l(57): warning C4996: 'strdup': The POSIX name for this item is deprecated. Instead, use the ISO C and C++ conformant name: _strdup. See online help for details.
  c:\program files (x86)\windows kits\10\include\10.0.17763.0\ucrt\string.h(536): note: see declaration of 'strdup'
lex_sql.l(58): warning C4996: 'strdup': The POSIX name for this item is deprecated. Instead, use the ISO C and C++ conformant name: _strdup. See online help for details.
  c:\program files (x86)\windows kits\10\include\10.0.17763.0\ucrt\string.h(536): note: see declaration of 'strdup'
lex_sql.l(59): warning C4996: 'strdup': The POSIX name for this item is deprecated. Instead, use the ISO C and C++ conformant name: _strdup. See online help for details.
  c:\program files (x86)\windows kits\10\include\10.0.17763.0\ucrt\string.h(536): note: see declaration of 'strdup'
lex_sql.l(60): warning C4996: 'strdup': The POSIX name for this item is deprecated. Instead, use the ISO C and C++ conformant name: _strdup. See online help for details.
  c:\program files (x86)\windows kits\10\include\10.0.17763.0\ucrt\string.h(536): note: see declaration of 'strdup'
lex_sql.l(61): warning C4996: 'strdup': The POSIX name for this item is deprecated. Instead, use the ISO C and C++ conformant name: _strdup. See online help for details.
  c:\program files (x86)\windows kits\10\include\10.0.17763.0\ucrt\string.h(536): note: see declaration of 'strdup'
lex_sql.l(62): warning C4996: 'strdup': The POSIX name for this item is deprecated. Instead, use the ISO C and C++ conformant name: _strdup. See online help for details.
  c:\program files (x86)\windows kits\10\include\10.0.17763.0\ucrt\string.h(536): note: see declaration of 'strdup'
lex_sql.l(63): warning C4996: 'strdup': The POSIX name for this item is deprecated. Instead, use the ISO C and C++ conformant name: _strdup. See online help for details.
  c:\program files (x86)\windows kits\10\include\10.0.17763.0\ucrt\string.h(536): note: see declaration of 'strdup'
lex_sql.l(64): warning C4996: 'strdup': The POSIX name for this item is deprecated. Instead, use the ISO C and C++ conformant name: _strdup. See online help for details.
  c:\program files (x86)\windows kits\10\include\10.0.17763.0\ucrt\string.h(536): note: see declaration of 'strdup'
lex.yy.c(1500): warning C4996: 'fileno': The POSIX name for this item is deprecated. Instead, use the ISO C and C++ conformant name: _fileno. See online help for details.
  c:\program files (x86)\windows kits\10\include\10.0.17763.0\ucrt\stdio.h(2459): note: see declaration of 'fileno'
lex.yy.c(1694): warning C4013: 'exit' undefined; assuming extern returning int
lex.yy.c(1757): warning C4013: 'malloc' undefined; assuming extern returning int
lex.yy.c(1775): warning C4013: 'realloc' undefined; assuming extern returning int
lex.yy.c(1785): warning C4013: 'free' undefined; assuming extern returning int
  Generating Code...
C:\Program Files (x86)\Microsoft Visual Studio\2017\Community\Common7\IDE\VC\VCTargets\Microsoft.CppBuild.targets(1216,5): warning MSB8012: TargetPath(C:\Users\97639\OneDrive\桌面\HUSTBase\HustBase（2018版）\Debug\HustBase.exe) does not match the Linker's OutputFile property value (C:\Users\97639\OneDrive\桌面\HUSTBase\HustBase（2018版）\Debug\HustBase.ddl). This may cause your project to build incorrectly. To correct this, please make sure that $(OutDir), $(TargetName) and $(TargetExt) property values match the value specified in %(Link.OutputFile).
C:\Program Files (x86)\Microsoft Visual Studio\2017\Community\Common7\IDE\VC\VCTargets\Microsoft.CppBuild.targets(1217,5): warning MSB8012: TargetExt(.exe) does not match the Linker's OutputFile property value (.ddl). This may cause your project to build incorrectly. To correct this, please make sure that $(OutDir), $(TargetName) and $(TargetExt) property values match the value specified in %(Link.OutputFile).
     Creating library Debug\HustBase.lib and object Debug\HustBase.exp
  HustBase.vcxproj -> C:\Users\97639\OneDrive\桌面\HUSTBase\HustBase（2018版）\Debug\HustBase.exe
