c:\users\97639\onedrive\桌面\hustbase\hustbase（2018版）\release\hustbase.pch
c:\users\97639\onedrive\桌面\hustbase\hustbase（2018版）\release\vc141.pdb
c:\users\97639\onedrive\桌面\hustbase\hustbase（2018版）\release\stdafx.obj
c:\users\97639\onedrive\桌面\hustbase\hustbase（2018版）\release\treelist.obj
c:\users\97639\onedrive\桌面\hustbase\hustbase（2018版）\release\tablelist.obj
c:\users\97639\onedrive\桌面\hustbase\hustbase（2018版）\release\sys_manager.obj
c:\users\97639\onedrive\桌面\hustbase\hustbase（2018版）\release\rm_manager.obj
c:\users\97639\onedrive\桌面\hustbase\hustbase（2018版）\release\qu_manager.obj
c:\users\97639\onedrive\桌面\hustbase\hustbase（2018版）\release\pf_manager.obj
c:\users\97639\onedrive\桌面\hustbase\hustbase（2018版）\release\mainfrm.obj
c:\users\97639\onedrive\桌面\hustbase\hustbase（2018版）\release\ix_manager.obj
c:\users\97639\onedrive\桌面\hustbase\hustbase（2018版）\release\hustbaseview.obj
c:\users\97639\onedrive\桌面\hustbase\hustbase（2018版）\release\hustbasedoc.obj
c:\users\97639\onedrive\桌面\hustbase\hustbase（2018版）\release\hustbase.obj
c:\users\97639\onedrive\桌面\hustbase\hustbase（2018版）\release\editarea.obj
c:\users\97639\onedrive\桌面\hustbase\hustbase（2018版）\release\condition_tool.obj
c:\users\97639\onedrive\桌面\hustbase\hustbase（2018版）\release\bits_tools.obj
c:\users\97639\onedrive\桌面\hustbase\hustbase（2018版）\release\hustbase.tlog\cl.command.1.tlog
c:\users\97639\onedrive\桌面\hustbase\hustbase（2018版）\release\hustbase.tlog\cl.read.1.tlog
c:\users\97639\onedrive\桌面\hustbase\hustbase（2018版）\release\hustbase.tlog\cl.write.1.tlog
